CRITICAL - 2022-06-05 21:11:12 --> Use of undefined constant mensaje - assumed 'mensaje' (this will throw an Error in a future version of PHP)
#0 C:\laragon\www\ModuloIII\app\Controllers\Home.php(11): CodeIgniter\Debug\Exceptions->errorHandler(2, 'Use of undefine...', 'C:\\laragon\\www\\...', 11, Array)
#1 C:\laragon\www\ModuloIII\system\CodeIgniter.php(825): App\Controllers\Home->index()
#2 C:\laragon\www\ModuloIII\system\CodeIgniter.php(412): CodeIgniter\CodeIgniter->runController(Object(App\Controllers\Home))
#3 C:\laragon\www\ModuloIII\system\CodeIgniter.php(320): CodeIgniter\CodeIgniter->handleRequest(NULL, Object(Config\Cache), false)
#4 C:\laragon\www\ModuloIII\public\index.php(37): CodeIgniter\CodeIgniter->run()
#5 {main}
CRITICAL - 2022-06-05 21:12:10 --> Use of undefined constant mensaje - assumed 'mensaje' (this will throw an Error in a future version of PHP)
#0 C:\laragon\www\ModuloIII\app\Controllers\Home.php(11): CodeIgniter\Debug\Exceptions->errorHandler(2, 'Use of undefine...', 'C:\\laragon\\www\\...', 11, Array)
#1 C:\laragon\www\ModuloIII\system\CodeIgniter.php(825): App\Controllers\Home->index()
#2 C:\laragon\www\ModuloIII\system\CodeIgniter.php(412): CodeIgniter\CodeIgniter->runController(Object(App\Controllers\Home))
#3 C:\laragon\www\ModuloIII\system\CodeIgniter.php(320): CodeIgniter\CodeIgniter->handleRequest(NULL, Object(Config\Cache), false)
#4 C:\laragon\www\ModuloIII\public\index.php(37): CodeIgniter\CodeIgniter->run()
#5 {main}
CRITICAL - 2022-06-05 21:14:09 --> Use of undefined constant mensaje - assumed 'mensaje' (this will throw an Error in a future version of PHP)
#0 C:\laragon\www\ModuloIII\app\Controllers\Home.php(11): CodeIgniter\Debug\Exceptions->errorHandler(2, 'Use of undefine...', 'C:\\laragon\\www\\...', 11, Array)
#1 C:\laragon\www\ModuloIII\system\CodeIgniter.php(825): App\Controllers\Home->index()
#2 C:\laragon\www\ModuloIII\system\CodeIgniter.php(412): CodeIgniter\CodeIgniter->runController(Object(App\Controllers\Home))
#3 C:\laragon\www\ModuloIII\system\CodeIgniter.php(320): CodeIgniter\CodeIgniter->handleRequest(NULL, Object(Config\Cache), false)
#4 C:\laragon\www\ModuloIII\public\index.php(37): CodeIgniter\CodeIgniter->run()
#5 {main}
CRITICAL - 2022-06-05 21:15:28 --> Use of undefined constant mensaje - assumed 'mensaje' (this will throw an Error in a future version of PHP)
#0 C:\laragon\www\ModuloIII\app\Controllers\Home.php(11): CodeIgniter\Debug\Exceptions->errorHandler(2, 'Use of undefine...', 'C:\\laragon\\www\\...', 11, Array)
#1 C:\laragon\www\ModuloIII\system\CodeIgniter.php(825): App\Controllers\Home->index()
#2 C:\laragon\www\ModuloIII\system\CodeIgniter.php(412): CodeIgniter\CodeIgniter->runController(Object(App\Controllers\Home))
#3 C:\laragon\www\ModuloIII\system\CodeIgniter.php(320): CodeIgniter\CodeIgniter->handleRequest(NULL, Object(Config\Cache), false)
#4 C:\laragon\www\ModuloIII\public\index.php(37): CodeIgniter\CodeIgniter->run()
#5 {main}
CRITICAL - 2022-06-05 22:30:19 --> Use of undefined constant mensaje - assumed 'mensaje' (this will throw an Error in a future version of PHP)
#0 C:\laragon\www\ModuloIII\app\Controllers\Home.php(11): CodeIgniter\Debug\Exceptions->errorHandler(2, 'Use of undefine...', 'C:\\laragon\\www\\...', 11, Array)
#1 C:\laragon\www\ModuloIII\system\CodeIgniter.php(825): App\Controllers\Home->index()
#2 C:\laragon\www\ModuloIII\system\CodeIgniter.php(412): CodeIgniter\CodeIgniter->runController(Object(App\Controllers\Home))
#3 C:\laragon\www\ModuloIII\system\CodeIgniter.php(320): CodeIgniter\CodeIgniter->handleRequest(NULL, Object(Config\Cache), false)
#4 C:\laragon\www\ModuloIII\public\index.php(37): CodeIgniter\CodeIgniter->run()
#5 {main}
